<?xml version="1.0" encoding="UTF-8"?>
<testsuite xmlns:xsi="http://www.w3.org/2001/XMLSchema-instance" xsi:noNamespaceSchemaLocation="https://maven.apache.org/surefire/maven-surefire-plugin/xsd/surefire-test-report-3.0.xsd" version="3.0" name="TestePersistencia" time="2.128" tests="1" errors="0" skipped="0" failures="0">
  <properties>
[...]
</properties>
  <testcase name="testePersistencia" classname="TestePersistencia" time="0.065">
    <system-out><![CDATA[Hibernate: create table tb_agenda (id int4 not null, funcionario_id int4, primary key (id))
Hibernate: create table tb_agendamento (id int4 not null, data timestamp, agenda_id int4, cliente_id int4, servico_id int4, primary key (id))
Hibernate: create table tb_cliente (id int4 not null, cpf varchar(11), nome varchar(150), telefone varchar(9), perfilCliente varchar(255), primary key (id))
Hibernate: create table tb_funcionario (id int4 not null, cpf varchar(11), nome varchar(150), telefone varchar(9), tipoFuncionario varchar(255), primary key (id))
Hibernate: create table tb_servico (id int4 not null, descricao varchar(150), maximodesconto float8, valorunitario float8, primary key (id))
Hibernate: alter table tb_agenda drop constraint UK_5cls0gd8njuh09o2e6akxlm4t
Hibernate: alter table tb_agenda add constraint UK_5cls0gd8njuh09o2e6akxlm4t unique (funcionario_id)
Hibernate: alter table tb_agenda add constraint FK7qhmtx0jrd6rmb2v7n53hqq0b foreign key (funcionario_id) references tb_funcionario
Hibernate: alter table tb_agendamento add constraint FK3uextfnvga6bd1j50iahv89q4 foreign key (agenda_id) references tb_agenda
Hibernate: alter table tb_agendamento add constraint FK1w0i3oquvxn4bd405fedp9x0j foreign key (cliente_id) references tb_cliente
Hibernate: alter table tb_agendamento add constraint FKee2nunpr5xubyfj2etfk7ftno foreign key (servico_id) references tb_servico
Hibernate: select nextval ('hibernate_sequence')
Hibernate: insert into tb_cliente (cpf, nome, telefone, perfilCliente, id) values (?, ?, ?, ?, ?)
Hibernate: select nextval ('hibernate_sequence')
Hibernate: select nextval ('hibernate_sequence')
Hibernate: insert into tb_funcionario (cpf, nome, telefone, tipoFuncionario, id) values (?, ?, ?, ?, ?)
Hibernate: insert into tb_agenda (funcionario_id, id) values (?, ?)
Hibernate: select nextval ('hibernate_sequence')
Hibernate: insert into tb_servico (descricao, maximodesconto, valorunitario, id) values (?, ?, ?, ?)
Hibernate: select nextval ('hibernate_sequence')
Hibernate: insert into tb_agendamento (agenda_id, cliente_id, data, servico_id, id) values (?, ?, ?, ?, ?)
]]></system-out>
    <system-err><![CDATA[dez. 04, 2024 9:47:01 AM org.hibernate.ejb.HibernatePersistence logDeprecation
WARN: HHH015016: Encountered a deprecated javax.persistence.spi.PersistenceProvider [org.hibernate.ejb.HibernatePersistence]; use [org.hibernate.jpa.HibernatePersistenceProvider] instead.
dez. 04, 2024 9:47:01 AM org.hibernate.ejb.HibernatePersistence logDeprecation
WARN: HHH015016: Encountered a deprecated javax.persistence.spi.PersistenceProvider [org.hibernate.ejb.HibernatePersistence]; use [org.hibernate.jpa.HibernatePersistenceProvider] instead.
dez. 04, 2024 9:47:01 AM org.hibernate.jpa.internal.util.LogHelper logPersistenceUnitInformation
INFO: HHH000204: Processing PersistenceUnitInfo [
	name: pu_lpoo_E1_GabrieliGranjaBrandalise
	...]
dez. 04, 2024 9:47:01 AM org.hibernate.Version logVersion
INFO: HHH000412: Hibernate Core {5.3.3.Final}
dez. 04, 2024 9:47:01 AM org.hibernate.cfg.Environment <clinit>
INFO: HHH000206: hibernate.properties not found
dez. 04, 2024 9:47:02 AM org.hibernate.annotations.common.reflection.java.JavaReflectionManager <clinit>
INFO: HCANN000001: Hibernate Commons Annotations {5.0.4.Final}
dez. 04, 2024 9:47:02 AM org.hibernate.engine.jdbc.connections.internal.DriverManagerConnectionProviderImpl configure
WARN: HHH10001002: Using Hibernate built-in connection pool (not for production use!)
dez. 04, 2024 9:47:02 AM org.hibernate.engine.jdbc.connections.internal.DriverManagerConnectionProviderImpl buildCreator
INFO: HHH10001005: using driver [org.postgresql.Driver] at URL [jdbc:postgresql://localhost:5432/ProjetoLPOOE1_GabrieliGranjaBrandalise]
dez. 04, 2024 9:47:02 AM org.hibernate.engine.jdbc.connections.internal.DriverManagerConnectionProviderImpl buildCreator
INFO: HHH10001001: Connection properties: {password=****, user=postgres}
dez. 04, 2024 9:47:02 AM org.hibernate.engine.jdbc.connections.internal.DriverManagerConnectionProviderImpl buildCreator
INFO: HHH10001003: Autocommit mode: false
dez. 04, 2024 9:47:02 AM org.hibernate.engine.jdbc.connections.internal.DriverManagerConnectionProviderImpl$PooledConnections <init>
INFO: HHH000115: Hibernate connection pool size: 20 (min=1)
dez. 04, 2024 9:47:02 AM org.hibernate.dialect.Dialect <init>
INFO: HHH000400: Using dialect: org.hibernate.dialect.PostgreSQLDialect
dez. 04, 2024 9:47:02 AM org.hibernate.engine.jdbc.env.internal.LobCreatorBuilderImpl useContextualLobCreation
INFO: HHH000424: Disabling contextual LOB creation as createClob() method threw error : java.lang.reflect.InvocationTargetException
dez. 04, 2024 9:47:02 AM org.hibernate.type.BasicTypeRegistry register
INFO: HHH000270: Type registration [java.util.UUID] overrides previous : org.hibernate.type.UUIDBinaryType@76a82f33
dez. 04, 2024 9:47:03 AM org.hibernate.resource.transaction.backend.jdbc.internal.DdlTransactionIsolatorNonJtaImpl getIsolatedConnection
INFO: HHH10001501: Connection obtained from JdbcConnectionAccess [org.hibernate.engine.jdbc.env.internal.JdbcEnvironmentInitiator$ConnectionProviderJdbcConnectionAccess@49c17ba4] for (non-JTA) DDL execution was not in auto-commit mode; the Connection 'local transaction' will be committed and the Connection will be set into auto-commit mode.
]]></system-err>
  </testcase>
</testsuite>